  Compiling pointeroverride.asm
  Microsoft (R) Macro Assembler Version 12.00.40629.0
  Copyright (C) Microsoft Corporation.  All rights reserved.
  
   Assembling: C:\working\thiefsource\sp\src\public\tier0\pointeroverride.asm
  Running VPC CRC Check - captioncompiler.vpc
  cmdlib.cpp
  filesystem_helpers.cpp
  filesystem_init.cpp
  pacifier.cpp
  scriplib.cpp
  stringregistry.cpp
  captioncompiler.cpp
  compiledcaptionswap.cpp
  filesystem_tools.cpp
  memoverride.cpp
     Creating library .\Debug\.\captioncompiler.lib and object .\Debug\.\captioncompiler.exp
  captioncompiler.vcxproj -> C:\working\thiefsource\sp\src\utils\captioncompiler\.\Debug\.\captioncompiler.exe
  The system cannot find the path specified.
  *** ERROR! PostBuildStep FAILED for Captioncompiler! EXE or DLL is probably running. ***
C:\Program Files (x86)\MSBuild\Microsoft.Cpp\v4.0\V120\Microsoft.CppCommon.targets(132,5): error MSB3073: The command "copy "C:\working\thiefsource\sp\src\utils\captioncompiler\Debug\"captioncompiler.exe ..\..\..\game\bin\.\captioncompiler.exe >nul
C:\Program Files (x86)\MSBuild\Microsoft.Cpp\v4.0\V120\Microsoft.CppCommon.targets(132,5): error MSB3073: if ERRORLEVEL 1 goto BuildEventFailed
C:\Program Files (x86)\MSBuild\Microsoft.Cpp\v4.0\V120\Microsoft.CppCommon.targets(132,5): error MSB3073: if exist "C:\working\thiefsource\sp\src\utils\captioncompiler\Debug\"captioncompiler.map copy "C:\working\thiefsource\sp\src\utils\captioncompiler\Debug\"captioncompiler.map ..\..\..\game\bin\.\captioncompiler.map >nul
C:\Program Files (x86)\MSBuild\Microsoft.Cpp\v4.0\V120\Microsoft.CppCommon.targets(132,5): error MSB3073: copy "C:\working\thiefsource\sp\src\utils\captioncompiler\Debug\"captioncompiler.pdb ..\..\..\game\bin\.\captioncompiler.pdb >nul
C:\Program Files (x86)\MSBuild\Microsoft.Cpp\v4.0\V120\Microsoft.CppCommon.targets(132,5): error MSB3073: if ERRORLEVEL 1 goto BuildEventFailed
C:\Program Files (x86)\MSBuild\Microsoft.Cpp\v4.0\V120\Microsoft.CppCommon.targets(132,5): error MSB3073: goto BuildEventOK
C:\Program Files (x86)\MSBuild\Microsoft.Cpp\v4.0\V120\Microsoft.CppCommon.targets(132,5): error MSB3073: :BuildEventFailed
C:\Program Files (x86)\MSBuild\Microsoft.Cpp\v4.0\V120\Microsoft.CppCommon.targets(132,5): error MSB3073: echo *** ERROR! PostBuildStep FAILED for Captioncompiler! EXE or DLL is probably running. ***
C:\Program Files (x86)\MSBuild\Microsoft.Cpp\v4.0\V120\Microsoft.CppCommon.targets(132,5): error MSB3073: del /q "C:\working\thiefsource\sp\src\utils\captioncompiler\Debug\"captioncompiler.exe
C:\Program Files (x86)\MSBuild\Microsoft.Cpp\v4.0\V120\Microsoft.CppCommon.targets(132,5): error MSB3073: exit 1
C:\Program Files (x86)\MSBuild\Microsoft.Cpp\v4.0\V120\Microsoft.CppCommon.targets(132,5): error MSB3073: :BuildEventOK
C:\Program Files (x86)\MSBuild\Microsoft.Cpp\v4.0\V120\Microsoft.CppCommon.targets(132,5): error MSB3073: 
C:\Program Files (x86)\MSBuild\Microsoft.Cpp\v4.0\V120\Microsoft.CppCommon.targets(132,5): error MSB3073: :VCEnd" exited with code 1.
